<?xml version="1.0" encoding="UTF-8"?>
<testng-results ignored="0" total="10" passed="10" failed="0" skipped="0">
  <reporter-output>
  </reporter-output>
  <suite started-at="2023-11-26T13:35:22 IST" name="Default suite" finished-at="2023-11-26T13:37:43 IST" duration-ms="141521">
    <groups>
      <group name="cucumber">
        <method signature="AbstractTestNGCucumberTests.runScenario(io.cucumber.testng.PickleWrapper,io.cucumber.testng.FeatureWrapper)[pri:0, instance:runner.MyRunner@272113c4]" name="runScenario" class="io.cucumber.testng.AbstractTestNGCucumberTests"/>
      </group> <!-- cucumber -->
    </groups>
    <test started-at="2023-11-26T13:35:22 IST" name="Default test" finished-at="2023-11-26T13:37:43 IST" duration-ms="141521">
      <class name="runner.MyRunner">
        <test-method is-config="true" signature="setUpClass(org.testng.ITestContext)[pri:0, instance:runner.MyRunner@272113c4]" started-at="2023-11-26T13:35:22 IST" name="setUpClass" finished-at="2023-11-26T13:35:23 IST" duration-ms="1543" status="PASS">
          <params>
            <param index="0">
              <value>
                <![CDATA[org.testng.TestRunner@16f34376]]>
              </value>
            </param>
          </params>
          <reporter-output>
          </reporter-output>
        </test-method> <!-- setUpClass -->
        <test-method signature="runScenario(io.cucumber.testng.PickleWrapper,io.cucumber.testng.FeatureWrapper)[pri:0, instance:runner.MyRunner@272113c4]" started-at="2023-11-26T13:35:23 IST" name="runScenario" description="Runs Cucumber Scenarios" data-provider="scenarios" finished-at="2023-11-26T13:35:42 IST" duration-ms="18750" status="PASS">
          <params>
            <param index="0">
              <value>
                <![CDATA["verify that user is able to login with correct credentials"]]>
              </value>
            </param>
            <param index="1">
              <value>
                <![CDATA["verifying Login feature of application"]]>
              </value>
            </param>
          </params>
          <reporter-output>
          </reporter-output>
        </test-method> <!-- runScenario -->
        <test-method signature="runScenario(io.cucumber.testng.PickleWrapper,io.cucumber.testng.FeatureWrapper)[pri:0, instance:runner.MyRunner@272113c4]" started-at="2023-11-26T13:35:42 IST" name="runScenario" description="Runs Cucumber Scenarios" data-provider="scenarios" finished-at="2023-11-26T13:35:54 IST" duration-ms="12055" status="PASS">
          <params>
            <param index="0">
              <value>
                <![CDATA["verify that user is not able to login with incorrect login credentials"]]>
              </value>
            </param>
            <param index="1">
              <value>
                <![CDATA["verifying Login feature of application"]]>
              </value>
            </param>
          </params>
          <reporter-output>
          </reporter-output>
        </test-method> <!-- runScenario -->
        <test-method signature="runScenario(io.cucumber.testng.PickleWrapper,io.cucumber.testng.FeatureWrapper)[pri:0, instance:runner.MyRunner@272113c4]" started-at="2023-11-26T13:35:54 IST" name="runScenario" description="Runs Cucumber Scenarios" data-provider="scenarios" finished-at="2023-11-26T13:36:04 IST" duration-ms="10159" status="PASS">
          <params>
            <param index="0">
              <value>
                <![CDATA["verify that user is not able to login with blank credentials"]]>
              </value>
            </param>
            <param index="1">
              <value>
                <![CDATA["verifying Login feature of application"]]>
              </value>
            </param>
          </params>
          <reporter-output>
          </reporter-output>
        </test-method> <!-- runScenario -->
        <test-method signature="runScenario(io.cucumber.testng.PickleWrapper,io.cucumber.testng.FeatureWrapper)[pri:0, instance:runner.MyRunner@272113c4]" started-at="2023-11-26T13:36:04 IST" name="runScenario" description="Runs Cucumber Scenarios" data-provider="scenarios" finished-at="2023-11-26T13:36:33 IST" duration-ms="28682" status="PASS">
          <params>
            <param index="0">
              <value>
                <![CDATA["verifying end to end place order scenario"]]>
              </value>
            </param>
            <param index="1">
              <value>
                <![CDATA["end to end place order feature validation"]]>
              </value>
            </param>
          </params>
          <reporter-output>
          </reporter-output>
        </test-method> <!-- runScenario -->
        <test-method signature="runScenario(io.cucumber.testng.PickleWrapper,io.cucumber.testng.FeatureWrapper)[pri:0, instance:runner.MyRunner@272113c4]" started-at="2023-11-26T13:36:33 IST" name="runScenario" description="Runs Cucumber Scenarios" data-provider="scenarios" finished-at="2023-11-26T13:36:44 IST" duration-ms="11569" status="PASS">
          <params>
            <param index="0">
              <value>
                <![CDATA["verify if user is able to register in application"]]>
              </value>
            </param>
            <param index="1">
              <value>
                <![CDATA["validating for the registration scenarios"]]>
              </value>
            </param>
          </params>
          <reporter-output>
          </reporter-output>
        </test-method> <!-- runScenario -->
        <test-method signature="runScenario(io.cucumber.testng.PickleWrapper,io.cucumber.testng.FeatureWrapper)[pri:0, instance:runner.MyRunner@272113c4]" started-at="2023-11-26T13:36:44 IST" name="runScenario" description="Runs Cucumber Scenarios" data-provider="scenarios" finished-at="2023-11-26T13:36:57 IST" duration-ms="12383" status="PASS">
          <params>
            <param index="0">
              <value>
                <![CDATA["verify that duplicate user is not allowed to register"]]>
              </value>
            </param>
            <param index="1">
              <value>
                <![CDATA["validating for the registration scenarios"]]>
              </value>
            </param>
          </params>
          <reporter-output>
          </reporter-output>
        </test-method> <!-- runScenario -->
        <test-method signature="runScenario(io.cucumber.testng.PickleWrapper,io.cucumber.testng.FeatureWrapper)[pri:0, instance:runner.MyRunner@272113c4]" started-at="2023-11-26T13:36:57 IST" name="runScenario" description="Runs Cucumber Scenarios" data-provider="scenarios" finished-at="2023-11-26T13:37:09 IST" duration-ms="11859" status="PASS">
          <params>
            <param index="0">
              <value>
                <![CDATA["verify that subscribed user is able to register account"]]>
              </value>
            </param>
            <param index="1">
              <value>
                <![CDATA["validating for the registration scenarios"]]>
              </value>
            </param>
          </params>
          <reporter-output>
          </reporter-output>
        </test-method> <!-- runScenario -->
        <test-method signature="runScenario(io.cucumber.testng.PickleWrapper,io.cucumber.testng.FeatureWrapper)[pri:0, instance:runner.MyRunner@272113c4]" started-at="2023-11-26T13:37:09 IST" name="runScenario" description="Runs Cucumber Scenarios" data-provider="scenarios" finished-at="2023-11-26T13:37:19 IST" duration-ms="9983" status="PASS">
          <params>
            <param index="0">
              <value>
                <![CDATA["verify user is Not able to register without mandatory field selections"]]>
              </value>
            </param>
            <param index="1">
              <value>
                <![CDATA["validating for the registration scenarios"]]>
              </value>
            </param>
          </params>
          <reporter-output>
          </reporter-output>
        </test-method> <!-- runScenario -->
        <test-method signature="runScenario(io.cucumber.testng.PickleWrapper,io.cucumber.testng.FeatureWrapper)[pri:0, instance:runner.MyRunner@272113c4]" started-at="2023-11-26T13:37:19 IST" name="runScenario" description="Runs Cucumber Scenarios" data-provider="scenarios" finished-at="2023-11-26T13:37:31 IST" duration-ms="11947" status="PASS">
          <params>
            <param index="0">
              <value>
                <![CDATA["verify if user gets search results for valid items"]]>
              </value>
            </param>
            <param index="1">
              <value>
                <![CDATA["Validating the search functionality of application"]]>
              </value>
            </param>
          </params>
          <reporter-output>
          </reporter-output>
        </test-method> <!-- runScenario -->
        <test-method signature="runScenario(io.cucumber.testng.PickleWrapper,io.cucumber.testng.FeatureWrapper)[pri:0, instance:runner.MyRunner@272113c4]" started-at="2023-11-26T13:37:31 IST" name="runScenario" description="Runs Cucumber Scenarios" data-provider="scenarios" finished-at="2023-11-26T13:37:43 IST" duration-ms="12448" status="PASS">
          <params>
            <param index="0">
              <value>
                <![CDATA["verify gets proper search message for unknown products"]]>
              </value>
            </param>
            <param index="1">
              <value>
                <![CDATA["Validating the search functionality of application"]]>
              </value>
            </param>
          </params>
          <reporter-output>
          </reporter-output>
        </test-method> <!-- runScenario -->
        <test-method is-config="true" signature="tearDownClass()[pri:0, instance:runner.MyRunner@272113c4]" started-at="2023-11-26T13:37:43 IST" name="tearDownClass" finished-at="2023-11-26T13:37:43 IST" duration-ms="52" status="PASS">
          <reporter-output>
          </reporter-output>
        </test-method> <!-- tearDownClass -->
      </class> <!-- runner.MyRunner -->
    </test> <!-- Default test -->
  </suite> <!-- Default suite -->
</testng-results>
